0 verbose cli /usr/local/bin/node /usr/local/bin/npm
1 info using npm@10.8.2
2 info using node@v22.5.1
3 silly config load:file:/usr/local/lib/node_modules/npm/npmrc
4 silly config load:file:/Users/chirag/Github-dev-work/frameworks/.npmrc
5 silly config load:file:/Users/chirag/.npmrc
6 silly config load:file:/usr/local/etc/npmrc
7 verbose title npm ci
8 verbose argv "ci"
9 verbose logfile logs-max:10 dir:/Users/chirag/Github-dev-work/frameworks/node_cache/_logs/2025-10-13T09_43_52_442Z-
10 verbose logfile /Users/chirag/Github-dev-work/frameworks/node_cache/_logs/2025-10-13T09_43_52_442Z-debug-0.log
11 silly packumentCache heap:2197815296 maxSize:549453824 maxEntrySize:274726912
12 silly logfile done cleaning log files
13 silly idealTree buildDeps
14 silly fetch manifest gray-matter@^4.0.3
15 silly packumentCache full:https://registry.npmjs.org/gray-matter cache-miss
16 http fetch GET 200 https://registry.npmjs.org/gray-matter 8ms (cache hit)
17 silly packumentCache full:https://registry.npmjs.org/gray-matter set size:155515 disposed:false
18 silly placeDep ROOT gray-matter@4.0.3 OK for: workspace@1.0.0 want: ^4.0.3
19 silly fetch manifest js-yaml@^3.13.1
20 silly packumentCache full:https://registry.npmjs.org/js-yaml cache-miss
21 silly fetch manifest kind-of@^6.0.2
22 silly packumentCache full:https://registry.npmjs.org/kind-of cache-miss
23 silly fetch manifest section-matter@^1.0.0
24 silly packumentCache full:https://registry.npmjs.org/section-matter cache-miss
25 silly fetch manifest strip-bom-string@^1.0.0
26 silly packumentCache full:https://registry.npmjs.org/strip-bom-string cache-miss
27 http fetch GET 200 https://registry.npmjs.org/js-yaml 5ms (cache hit)
28 silly packumentCache full:https://registry.npmjs.org/js-yaml set size:145975 disposed:false
29 http fetch GET 200 https://registry.npmjs.org/strip-bom-string 5ms (cache hit)
30 silly packumentCache full:https://registry.npmjs.org/strip-bom-string set size:10606 disposed:false
31 http fetch GET 200 https://registry.npmjs.org/section-matter 6ms (cache hit)
32 silly packumentCache full:https://registry.npmjs.org/section-matter set size:11469 disposed:false
33 http fetch GET 200 https://registry.npmjs.org/kind-of 7ms (cache hit)
34 silly packumentCache full:https://registry.npmjs.org/kind-of set size:70901 disposed:false
35 silly placeDep ROOT js-yaml@3.14.1 OK for: gray-matter@4.0.3 want: ^3.13.1
36 silly placeDep ROOT kind-of@6.0.3 OK for: gray-matter@4.0.3 want: ^6.0.2
37 silly placeDep ROOT section-matter@1.0.0 OK for: gray-matter@4.0.3 want: ^1.0.0
38 silly placeDep ROOT strip-bom-string@1.0.0 OK for: gray-matter@4.0.3 want: ^1.0.0
39 silly fetch manifest argparse@^1.0.7
40 silly packumentCache full:https://registry.npmjs.org/argparse cache-miss
41 silly fetch manifest extend-shallow@^2.0.1
42 silly packumentCache full:https://registry.npmjs.org/extend-shallow cache-miss
43 http fetch GET 200 https://registry.npmjs.org/argparse 1ms (cache hit)
44 silly packumentCache full:https://registry.npmjs.org/argparse set size:49266 disposed:false
45 http fetch GET 200 https://registry.npmjs.org/extend-shallow 2ms (cache hit)
46 silly packumentCache full:https://registry.npmjs.org/extend-shallow set size:30182 disposed:false
47 silly placeDep ROOT argparse@1.0.10 OK for: js-yaml@3.14.1 want: ^1.0.7
48 silly fetch manifest sprintf-js@~1.0.2
49 silly packumentCache full:https://registry.npmjs.org/sprintf-js cache-miss
50 http fetch GET 200 https://registry.npmjs.org/sprintf-js 1ms (cache hit)
51 silly packumentCache full:https://registry.npmjs.org/sprintf-js set size:20495 disposed:false
52 silly placeDep ROOT sprintf-js@1.0.3 OK for: argparse@1.0.10 want: ~1.0.2
53 silly placeDep ROOT extend-shallow@2.0.1 OK for: section-matter@1.0.0 want: ^2.0.1
54 silly fetch manifest is-extendable@^0.1.0
55 silly packumentCache full:https://registry.npmjs.org/is-extendable cache-miss
56 http fetch GET 200 https://registry.npmjs.org/is-extendable 3ms (cache hit)
57 silly packumentCache full:https://registry.npmjs.org/is-extendable set size:12265 disposed:false
58 silly placeDep ROOT is-extendable@0.1.1 OK for: extend-shallow@2.0.1 want: ^0.1.0
59 warn EBADENGINE Unsupported engine {
59 warn EBADENGINE   package: 'workspace@1.0.0',
59 warn EBADENGINE   required: { node: '>=20 <21' },
59 warn EBADENGINE   current: { node: 'v22.5.1', npm: '10.8.2' }
59 warn EBADENGINE }
60 verbose stack Error: 
60 verbose stack `npm ci` can only install packages when your package.json and package-lock.json or npm-shrinkwrap.json are in sync. Please update your lock file with `npm install` before continuing.
60 verbose stack
60 verbose stack Missing: gray-matter@4.0.3 from lock file
60 verbose stack Missing: js-yaml@3.14.1 from lock file
60 verbose stack Missing: kind-of@6.0.3 from lock file
60 verbose stack Missing: section-matter@1.0.0 from lock file
60 verbose stack Missing: strip-bom-string@1.0.0 from lock file
60 verbose stack Missing: argparse@1.0.10 from lock file
60 verbose stack Missing: sprintf-js@1.0.3 from lock file
60 verbose stack Missing: extend-shallow@2.0.1 from lock file
60 verbose stack Missing: is-extendable@0.1.1 from lock file
60 verbose stack
60 verbose stack Clean install a project
60 verbose stack
60 verbose stack Usage:
60 verbose stack npm ci
60 verbose stack
60 verbose stack Options:
60 verbose stack [--install-strategy <hoisted|nested|shallow|linked>] [--legacy-bundling]
60 verbose stack [--global-style] [--omit <dev|optional|peer> [--omit <dev|optional|peer> ...]]
60 verbose stack [--include <prod|dev|optional|peer> [--include <prod|dev|optional|peer> ...]]
60 verbose stack [--strict-peer-deps] [--foreground-scripts] [--ignore-scripts] [--no-audit]
60 verbose stack [--no-bin-links] [--no-fund] [--dry-run]
60 verbose stack [-w|--workspace <workspace-name> [-w|--workspace <workspace-name> ...]]
60 verbose stack [-ws|--workspaces] [--include-workspace-root] [--install-links]
60 verbose stack
60 verbose stack aliases: clean-install, ic, install-clean, isntall-clean
60 verbose stack
60 verbose stack Run "npm help ci" for more info
60 verbose stack     at CI.usageError (/usr/local/lib/node_modules/npm/lib/base-cmd.js:109:26)
60 verbose stack     at CI.exec (/usr/local/lib/node_modules/npm/lib/commands/ci.js:70:18)
60 verbose stack     at async Npm.exec (/usr/local/lib/node_modules/npm/lib/npm.js:207:9)
60 verbose stack     at async module.exports (/usr/local/lib/node_modules/npm/lib/cli/entry.js:74:5)
61 error code EUSAGE
62 error
62 error `npm ci` can only install packages when your package.json and package-lock.json or npm-shrinkwrap.json are in sync. Please update your lock file with `npm install` before continuing.
62 error
62 error Missing: gray-matter@4.0.3 from lock file
62 error Missing: js-yaml@3.14.1 from lock file
62 error Missing: kind-of@6.0.3 from lock file
62 error Missing: section-matter@1.0.0 from lock file
62 error Missing: strip-bom-string@1.0.0 from lock file
62 error Missing: argparse@1.0.10 from lock file
62 error Missing: sprintf-js@1.0.3 from lock file
62 error Missing: extend-shallow@2.0.1 from lock file
62 error Missing: is-extendable@0.1.1 from lock file
62 error
62 error Clean install a project
62 error
62 error Usage:
62 error npm ci
62 error
62 error Options:
62 error [--install-strategy <hoisted|nested|shallow|linked>] [--legacy-bundling]
62 error [--global-style] [--omit <dev|optional|peer> [--omit <dev|optional|peer> ...]]
62 error [--include <prod|dev|optional|peer> [--include <prod|dev|optional|peer> ...]]
62 error [--strict-peer-deps] [--foreground-scripts] [--ignore-scripts] [--no-audit]
62 error [--no-bin-links] [--no-fund] [--dry-run]
62 error [-w|--workspace <workspace-name> [-w|--workspace <workspace-name> ...]]
62 error [-ws|--workspaces] [--include-workspace-root] [--install-links]
62 error
62 error aliases: clean-install, ic, install-clean, isntall-clean
62 error
62 error Run "npm help ci" for more info
63 verbose cwd /Users/chirag/Github-dev-work/frameworks
64 verbose os Darwin 24.1.0
65 verbose node v22.5.1
66 verbose npm  v10.8.2
67 verbose exit 1
68 verbose code 1
69 error A complete log of this run can be found in: /Users/chirag/Github-dev-work/frameworks/node_cache/_logs/2025-10-13T09_43_52_442Z-debug-0.log
