0 verbose cli /usr/local/bin/node /usr/local/bin/npm
1 info using npm@10.8.2
2 info using node@v22.5.1
3 silly config load:file:/usr/local/lib/node_modules/npm/npmrc
4 silly config load:file:/Users/chirag/Github-dev-work/frameworks/.npmrc
5 silly config load:file:/Users/chirag/.npmrc
6 silly config load:file:/usr/local/etc/npmrc
7 verbose title npm ci
8 verbose argv "ci"
9 verbose logfile logs-max:10 dir:/Users/chirag/Github-dev-work/frameworks/node_cache/_logs/2025-10-13T09_42_42_889Z-
10 verbose logfile /Users/chirag/Github-dev-work/frameworks/node_cache/_logs/2025-10-13T09_42_42_889Z-debug-0.log
11 silly packumentCache heap:2197815296 maxSize:549453824 maxEntrySize:274726912
12 silly logfile done cleaning log files
13 silly idealTree buildDeps
14 silly fetch manifest gray-matter@^4.0.3
15 silly packumentCache full:https://registry.npmjs.org/gray-matter cache-miss
16 http fetch GET 200 https://registry.npmjs.org/npm 309ms
17 http fetch GET 200 https://registry.npmjs.org/gray-matter 260ms (cache miss)
18 silly packumentCache full:https://registry.npmjs.org/gray-matter set size:undefined disposed:false
19 silly placeDep ROOT gray-matter@4.0.3 OK for: workspace@1.0.0 want: ^4.0.3
20 silly fetch manifest js-yaml@^3.13.1
21 silly packumentCache full:https://registry.npmjs.org/js-yaml cache-miss
22 silly fetch manifest kind-of@^6.0.2
23 silly packumentCache full:https://registry.npmjs.org/kind-of cache-miss
24 silly fetch manifest section-matter@^1.0.0
25 silly packumentCache full:https://registry.npmjs.org/section-matter cache-miss
26 silly fetch manifest strip-bom-string@^1.0.0
27 silly packumentCache full:https://registry.npmjs.org/strip-bom-string cache-miss
28 http fetch GET 200 https://registry.npmjs.org/js-yaml 76ms (cache miss)
29 silly packumentCache full:https://registry.npmjs.org/js-yaml set size:undefined disposed:false
30 http fetch GET 200 https://registry.npmjs.org/kind-of 78ms (cache miss)
31 silly packumentCache full:https://registry.npmjs.org/kind-of set size:undefined disposed:false
32 http fetch GET 200 https://registry.npmjs.org/section-matter 221ms (cache miss)
33 silly packumentCache full:https://registry.npmjs.org/section-matter set size:undefined disposed:false
34 http fetch GET 200 https://registry.npmjs.org/strip-bom-string 232ms (cache miss)
35 silly packumentCache full:https://registry.npmjs.org/strip-bom-string set size:undefined disposed:false
36 silly placeDep ROOT js-yaml@3.14.1 OK for: gray-matter@4.0.3 want: ^3.13.1
37 silly placeDep ROOT kind-of@6.0.3 OK for: gray-matter@4.0.3 want: ^6.0.2
38 silly placeDep ROOT section-matter@1.0.0 OK for: gray-matter@4.0.3 want: ^1.0.0
39 silly placeDep ROOT strip-bom-string@1.0.0 OK for: gray-matter@4.0.3 want: ^1.0.0
40 silly fetch manifest argparse@^1.0.7
41 silly packumentCache full:https://registry.npmjs.org/argparse cache-miss
42 silly fetch manifest extend-shallow@^2.0.1
43 silly packumentCache full:https://registry.npmjs.org/extend-shallow cache-miss
44 http fetch GET 200 https://registry.npmjs.org/extend-shallow 61ms (cache miss)
45 silly packumentCache full:https://registry.npmjs.org/extend-shallow set size:undefined disposed:false
46 http fetch GET 200 https://registry.npmjs.org/argparse 125ms (cache miss)
47 silly packumentCache full:https://registry.npmjs.org/argparse set size:undefined disposed:false
48 silly placeDep ROOT argparse@1.0.10 OK for: js-yaml@3.14.1 want: ^1.0.7
49 silly fetch manifest sprintf-js@~1.0.2
50 silly packumentCache full:https://registry.npmjs.org/sprintf-js cache-miss
51 http fetch GET 200 https://registry.npmjs.org/sprintf-js 122ms (cache miss)
52 silly packumentCache full:https://registry.npmjs.org/sprintf-js set size:undefined disposed:false
53 silly placeDep ROOT sprintf-js@1.0.3 OK for: argparse@1.0.10 want: ~1.0.2
54 silly placeDep ROOT extend-shallow@2.0.1 OK for: section-matter@1.0.0 want: ^2.0.1
55 silly fetch manifest is-extendable@^0.1.0
56 silly packumentCache full:https://registry.npmjs.org/is-extendable cache-miss
57 http fetch GET 200 https://registry.npmjs.org/is-extendable 72ms (cache miss)
58 silly packumentCache full:https://registry.npmjs.org/is-extendable set size:undefined disposed:false
59 silly placeDep ROOT is-extendable@0.1.1 OK for: extend-shallow@2.0.1 want: ^0.1.0
60 warn EBADENGINE Unsupported engine {
60 warn EBADENGINE   package: 'workspace@1.0.0',
60 warn EBADENGINE   required: { node: '>=20 <21' },
60 warn EBADENGINE   current: { node: 'v22.5.1', npm: '10.8.2' }
60 warn EBADENGINE }
61 verbose stack Error: 
61 verbose stack `npm ci` can only install packages when your package.json and package-lock.json or npm-shrinkwrap.json are in sync. Please update your lock file with `npm install` before continuing.
61 verbose stack
61 verbose stack Missing: gray-matter@4.0.3 from lock file
61 verbose stack Missing: js-yaml@3.14.1 from lock file
61 verbose stack Missing: kind-of@6.0.3 from lock file
61 verbose stack Missing: section-matter@1.0.0 from lock file
61 verbose stack Missing: strip-bom-string@1.0.0 from lock file
61 verbose stack Missing: argparse@1.0.10 from lock file
61 verbose stack Missing: sprintf-js@1.0.3 from lock file
61 verbose stack Missing: extend-shallow@2.0.1 from lock file
61 verbose stack Missing: is-extendable@0.1.1 from lock file
61 verbose stack
61 verbose stack Clean install a project
61 verbose stack
61 verbose stack Usage:
61 verbose stack npm ci
61 verbose stack
61 verbose stack Options:
61 verbose stack [--install-strategy <hoisted|nested|shallow|linked>] [--legacy-bundling]
61 verbose stack [--global-style] [--omit <dev|optional|peer> [--omit <dev|optional|peer> ...]]
61 verbose stack [--include <prod|dev|optional|peer> [--include <prod|dev|optional|peer> ...]]
61 verbose stack [--strict-peer-deps] [--foreground-scripts] [--ignore-scripts] [--no-audit]
61 verbose stack [--no-bin-links] [--no-fund] [--dry-run]
61 verbose stack [-w|--workspace <workspace-name> [-w|--workspace <workspace-name> ...]]
61 verbose stack [-ws|--workspaces] [--include-workspace-root] [--install-links]
61 verbose stack
61 verbose stack aliases: clean-install, ic, install-clean, isntall-clean
61 verbose stack
61 verbose stack Run "npm help ci" for more info
61 verbose stack     at CI.usageError (/usr/local/lib/node_modules/npm/lib/base-cmd.js:109:26)
61 verbose stack     at CI.exec (/usr/local/lib/node_modules/npm/lib/commands/ci.js:70:18)
61 verbose stack     at async Npm.exec (/usr/local/lib/node_modules/npm/lib/npm.js:207:9)
61 verbose stack     at async module.exports (/usr/local/lib/node_modules/npm/lib/cli/entry.js:74:5)
62 error code EUSAGE
63 error
63 error `npm ci` can only install packages when your package.json and package-lock.json or npm-shrinkwrap.json are in sync. Please update your lock file with `npm install` before continuing.
63 error
63 error Missing: gray-matter@4.0.3 from lock file
63 error Missing: js-yaml@3.14.1 from lock file
63 error Missing: kind-of@6.0.3 from lock file
63 error Missing: section-matter@1.0.0 from lock file
63 error Missing: strip-bom-string@1.0.0 from lock file
63 error Missing: argparse@1.0.10 from lock file
63 error Missing: sprintf-js@1.0.3 from lock file
63 error Missing: extend-shallow@2.0.1 from lock file
63 error Missing: is-extendable@0.1.1 from lock file
63 error
63 error Clean install a project
63 error
63 error Usage:
63 error npm ci
63 error
63 error Options:
63 error [--install-strategy <hoisted|nested|shallow|linked>] [--legacy-bundling]
63 error [--global-style] [--omit <dev|optional|peer> [--omit <dev|optional|peer> ...]]
63 error [--include <prod|dev|optional|peer> [--include <prod|dev|optional|peer> ...]]
63 error [--strict-peer-deps] [--foreground-scripts] [--ignore-scripts] [--no-audit]
63 error [--no-bin-links] [--no-fund] [--dry-run]
63 error [-w|--workspace <workspace-name> [-w|--workspace <workspace-name> ...]]
63 error [-ws|--workspaces] [--include-workspace-root] [--install-links]
63 error
63 error aliases: clean-install, ic, install-clean, isntall-clean
63 error
63 error Run "npm help ci" for more info
64 verbose cwd /Users/chirag/Github-dev-work/frameworks
65 verbose os Darwin 24.1.0
66 verbose node v22.5.1
67 verbose npm  v10.8.2
68 notice
68 notice New major version of npm available! 10.8.2 -> 11.6.2
68 notice Changelog: https://github.com/npm/cli/releases/tag/v11.6.2
68 notice To update run: npm install -g npm@11.6.2
68 notice  { force: true, [Symbol(proc-log.meta)]: true }
69 verbose exit 1
70 verbose code 1
71 error A complete log of this run can be found in: /Users/chirag/Github-dev-work/frameworks/node_cache/_logs/2025-10-13T09_42_42_889Z-debug-0.log
