0 verbose cli /usr/local/bin/node /usr/local/bin/npm
1 info using npm@10.8.2
2 info using node@v22.5.1
3 silly config load:file:/usr/local/lib/node_modules/npm/npmrc
4 silly config load:file:/Users/chirag/Github-dev-work/frameworks/.npmrc
5 silly config load:file:/Users/chirag/.npmrc
6 silly config load:file:/usr/local/etc/npmrc
7 verbose title npm install
8 verbose argv "install"
9 verbose logfile logs-max:10 dir:/Users/chirag/Github-dev-work/frameworks/node_cache/_logs/2025-10-13T09_43_52_906Z-
10 verbose logfile /Users/chirag/Github-dev-work/frameworks/node_cache/_logs/2025-10-13T09_43_52_906Z-debug-0.log
11 silly packumentCache heap:2197815296 maxSize:549453824 maxEntrySize:274726912
12 silly logfile done cleaning log files
13 silly idealTree buildDeps
14 silly fetch manifest gray-matter@^4.0.3
15 silly packumentCache full:https://registry.npmjs.org/gray-matter cache-miss
16 http fetch GET 200 https://registry.npmjs.org/gray-matter 18ms (cache hit)
17 silly packumentCache full:https://registry.npmjs.org/gray-matter set size:155515 disposed:false
18 silly placeDep ROOT gray-matter@4.0.3 OK for: workspace@1.0.0 want: ^4.0.3
19 silly fetch manifest js-yaml@^3.13.1
20 silly packumentCache full:https://registry.npmjs.org/js-yaml cache-miss
21 silly fetch manifest kind-of@^6.0.2
22 silly packumentCache full:https://registry.npmjs.org/kind-of cache-miss
23 silly fetch manifest section-matter@^1.0.0
24 silly packumentCache full:https://registry.npmjs.org/section-matter cache-miss
25 silly fetch manifest strip-bom-string@^1.0.0
26 silly packumentCache full:https://registry.npmjs.org/strip-bom-string cache-miss
27 http fetch GET 200 https://registry.npmjs.org/section-matter 49ms (cache hit)
28 silly packumentCache full:https://registry.npmjs.org/section-matter set size:11469 disposed:false
29 http fetch GET 200 https://registry.npmjs.org/js-yaml 50ms (cache hit)
30 silly packumentCache full:https://registry.npmjs.org/js-yaml set size:145975 disposed:false
31 http fetch GET 200 https://registry.npmjs.org/strip-bom-string 51ms (cache hit)
32 silly packumentCache full:https://registry.npmjs.org/strip-bom-string set size:10606 disposed:false
33 http fetch GET 200 https://registry.npmjs.org/kind-of 52ms (cache hit)
34 silly packumentCache full:https://registry.npmjs.org/kind-of set size:70901 disposed:false
35 silly placeDep ROOT js-yaml@3.14.1 OK for: gray-matter@4.0.3 want: ^3.13.1
36 silly placeDep ROOT kind-of@6.0.3 OK for: gray-matter@4.0.3 want: ^6.0.2
37 silly placeDep ROOT section-matter@1.0.0 OK for: gray-matter@4.0.3 want: ^1.0.0
38 silly placeDep ROOT strip-bom-string@1.0.0 OK for: gray-matter@4.0.3 want: ^1.0.0
39 silly fetch manifest argparse@^1.0.7
40 silly packumentCache full:https://registry.npmjs.org/argparse cache-miss
41 silly fetch manifest extend-shallow@^2.0.1
42 silly packumentCache full:https://registry.npmjs.org/extend-shallow cache-miss
43 http fetch GET 200 https://registry.npmjs.org/argparse 2ms (cache hit)
44 silly packumentCache full:https://registry.npmjs.org/argparse set size:49266 disposed:false
45 http fetch GET 200 https://registry.npmjs.org/extend-shallow 1ms (cache hit)
46 silly packumentCache full:https://registry.npmjs.org/extend-shallow set size:30182 disposed:false
47 silly placeDep ROOT argparse@1.0.10 OK for: js-yaml@3.14.1 want: ^1.0.7
48 silly fetch manifest sprintf-js@~1.0.2
49 silly packumentCache full:https://registry.npmjs.org/sprintf-js cache-miss
50 http fetch GET 200 https://registry.npmjs.org/sprintf-js 1ms (cache hit)
51 silly packumentCache full:https://registry.npmjs.org/sprintf-js set size:20495 disposed:false
52 silly placeDep ROOT sprintf-js@1.0.3 OK for: argparse@1.0.10 want: ~1.0.2
53 silly placeDep ROOT extend-shallow@2.0.1 OK for: section-matter@1.0.0 want: ^2.0.1
54 silly fetch manifest is-extendable@^0.1.0
55 silly packumentCache full:https://registry.npmjs.org/is-extendable cache-miss
56 http fetch GET 200 https://registry.npmjs.org/is-extendable 2ms (cache hit)
57 silly packumentCache full:https://registry.npmjs.org/is-extendable set size:12265 disposed:false
58 silly placeDep ROOT is-extendable@0.1.1 OK for: extend-shallow@2.0.1 want: ^0.1.0
59 warn EBADENGINE Unsupported engine {
59 warn EBADENGINE   package: 'workspace@1.0.0',
59 warn EBADENGINE   required: { node: '>=20 <21' },
59 warn EBADENGINE   current: { node: 'v22.5.1', npm: '10.8.2' }
59 warn EBADENGINE }
60 silly reify mark retired [ '/Users/chirag/Github-dev-work/frameworks/node_modules/hono' ]
61 silly reify moves {
61 silly reify   '/Users/chirag/Github-dev-work/frameworks/node_modules/hono': '/Users/chirag/Github-dev-work/frameworks/node_modules/.hono-pSygBtxM'
61 silly reify }
62 verbose stack Error: EACCES: permission denied, rename '/Users/chirag/Github-dev-work/frameworks/node_modules/hono' -> '/Users/chirag/Github-dev-work/frameworks/node_modules/.hono-pSygBtxM'
62 verbose stack     at async Object.rename (node:internal/fs/promises:783:10)
62 verbose stack     at async moveFile (/usr/local/lib/node_modules/npm/node_modules/@npmcli/fs/lib/move-file.js:30:5)
62 verbose stack     at async Promise.allSettled (index 0)
62 verbose stack     at async [reifyPackages] (/usr/local/lib/node_modules/npm/node_modules/@npmcli/arborist/lib/arborist/reify.js:325:11)
62 verbose stack     at async Arborist.reify (/usr/local/lib/node_modules/npm/node_modules/@npmcli/arborist/lib/arborist/reify.js:142:5)
62 verbose stack     at async Install.exec (/usr/local/lib/node_modules/npm/lib/commands/install.js:150:5)
62 verbose stack     at async Npm.exec (/usr/local/lib/node_modules/npm/lib/npm.js:207:9)
62 verbose stack     at async module.exports (/usr/local/lib/node_modules/npm/lib/cli/entry.js:74:5)
63 error code EACCES
64 error syscall rename
65 error path /Users/chirag/Github-dev-work/frameworks/node_modules/hono
66 error dest /Users/chirag/Github-dev-work/frameworks/node_modules/.hono-pSygBtxM
67 error errno -13
68 error Error: EACCES: permission denied, rename '/Users/chirag/Github-dev-work/frameworks/node_modules/hono' -> '/Users/chirag/Github-dev-work/frameworks/node_modules/.hono-pSygBtxM'
68 error     at async Object.rename (node:internal/fs/promises:783:10)
68 error     at async moveFile (/usr/local/lib/node_modules/npm/node_modules/@npmcli/fs/lib/move-file.js:30:5)
68 error     at async Promise.allSettled (index 0)
68 error     at async [reifyPackages] (/usr/local/lib/node_modules/npm/node_modules/@npmcli/arborist/lib/arborist/reify.js:325:11)
68 error     at async Arborist.reify (/usr/local/lib/node_modules/npm/node_modules/@npmcli/arborist/lib/arborist/reify.js:142:5)
68 error     at async Install.exec (/usr/local/lib/node_modules/npm/lib/commands/install.js:150:5)
68 error     at async Npm.exec (/usr/local/lib/node_modules/npm/lib/npm.js:207:9)
68 error     at async module.exports (/usr/local/lib/node_modules/npm/lib/cli/entry.js:74:5) {
68 error   errno: -13,
68 error   code: 'EACCES',
68 error   syscall: 'rename',
68 error   path: '/Users/chirag/Github-dev-work/frameworks/node_modules/hono',
68 error   dest: '/Users/chirag/Github-dev-work/frameworks/node_modules/.hono-pSygBtxM'
68 error }
69 error
69 error The operation was rejected by your operating system.
69 error It is likely you do not have the permissions to access this file as the current user
69 error
69 error If you believe this might be a permissions issue, please double-check the
69 error permissions of the file and its containing directories, or try running
69 error the command again as root/Administrator.
70 silly unfinished npm timer reify 1760348633006
71 silly unfinished npm timer reify:retireShallow 1760348633233
72 verbose cwd /Users/chirag/Github-dev-work/frameworks
73 verbose os Darwin 24.1.0
74 verbose node v22.5.1
75 verbose npm  v10.8.2
76 verbose exit -13
77 verbose code -13
78 error A complete log of this run can be found in: /Users/chirag/Github-dev-work/frameworks/node_cache/_logs/2025-10-13T09_43_52_906Z-debug-0.log
